<?xml version="1.0" encoding="UTF-8"?>
<testng-results skipped="0" failed="0" ignored="0" total="3" passed="3">
  <reporter-output>
  </reporter-output>
  <suite name="Suite" duration-ms="180" started-at="2019-02-07T06:25:36Z" finished-at="2019-02-07T06:25:36Z">
    <groups>
    </groups>
    <test name="Test" duration-ms="61" started-at="2019-02-07T06:25:36Z" finished-at="2019-02-07T06:25:36Z">
      <class name="test.Abc">
        <test-method status="PASS" signature="bt()[pri:0, instance:test.Abc@1629756]" name="bt" is-config="true" duration-ms="19" started-at="2019-02-07T06:25:36Z" finished-at="2019-02-07T06:25:36Z">
          <reporter-output>
          </reporter-output>
        </test-method> <!-- bt -->
        <test-method status="PASS" signature="bc()[pri:0, instance:test.Abc@1629756]" name="bc" is-config="true" duration-ms="1" started-at="2019-02-07T06:25:36Z" finished-at="2019-02-07T06:25:36Z">
          <reporter-output>
          </reporter-output>
        </test-method> <!-- bc -->
        <test-method status="PASS" signature="test()[pri:0, instance:test.Abc@1629756]" name="test" duration-ms="7" started-at="2019-02-07T06:25:36Z" finished-at="2019-02-07T06:25:36Z">
          <reporter-output>
          </reporter-output>
        </test-method> <!-- test -->
        <test-method status="PASS" signature="ac()[pri:0, instance:test.Abc@1629756]" name="ac" is-config="true" duration-ms="1" started-at="2019-02-07T06:25:36Z" finished-at="2019-02-07T06:25:36Z">
          <reporter-output>
          </reporter-output>
        </test-method> <!-- ac -->
        <test-method status="PASS" signature="at()[pri:0, instance:test.Abc@1629756]" name="at" is-config="true" duration-ms="0" started-at="2019-02-07T06:25:36Z" finished-at="2019-02-07T06:25:36Z">
          <reporter-output>
          </reporter-output>
        </test-method> <!-- at -->
      </class> <!-- test.Abc -->
    </test> <!-- Test -->
    <test name="Test1" duration-ms="11" started-at="2019-02-07T06:25:36Z" finished-at="2019-02-07T06:25:36Z">
      <class name="test.Abc">
        <test-method status="PASS" signature="bt()[pri:0, instance:test.Abc@70fda8]" name="bt" is-config="true" duration-ms="1" started-at="2019-02-07T06:25:36Z" finished-at="2019-02-07T06:25:36Z">
          <reporter-output>
          </reporter-output>
        </test-method> <!-- bt -->
        <test-method status="PASS" signature="bc()[pri:0, instance:test.Abc@70fda8]" name="bc" is-config="true" duration-ms="1" started-at="2019-02-07T06:25:36Z" finished-at="2019-02-07T06:25:36Z">
          <reporter-output>
          </reporter-output>
        </test-method> <!-- bc -->
        <test-method status="PASS" signature="test()[pri:0, instance:test.Abc@70fda8]" name="test" duration-ms="2" started-at="2019-02-07T06:25:36Z" finished-at="2019-02-07T06:25:36Z">
          <reporter-output>
          </reporter-output>
        </test-method> <!-- test -->
        <test-method status="PASS" signature="ac()[pri:0, instance:test.Abc@70fda8]" name="ac" is-config="true" duration-ms="0" started-at="2019-02-07T06:25:36Z" finished-at="2019-02-07T06:25:36Z">
          <reporter-output>
          </reporter-output>
        </test-method> <!-- ac -->
        <test-method status="PASS" signature="at()[pri:0, instance:test.Abc@70fda8]" name="at" is-config="true" duration-ms="0" started-at="2019-02-07T06:25:36Z" finished-at="2019-02-07T06:25:36Z">
          <reporter-output>
          </reporter-output>
        </test-method> <!-- at -->
      </class> <!-- test.Abc -->
    </test> <!-- Test1 -->
    <test name="Test2" duration-ms="13" started-at="2019-02-07T06:25:36Z" finished-at="2019-02-07T06:25:36Z">
      <class name="test.Abc">
        <test-method status="PASS" signature="bt()[pri:0, instance:test.Abc@101b7af]" name="bt" is-config="true" duration-ms="0" started-at="2019-02-07T06:25:36Z" finished-at="2019-02-07T06:25:36Z">
          <reporter-output>
          </reporter-output>
        </test-method> <!-- bt -->
        <test-method status="PASS" signature="bc()[pri:0, instance:test.Abc@101b7af]" name="bc" is-config="true" duration-ms="1" started-at="2019-02-07T06:25:36Z" finished-at="2019-02-07T06:25:36Z">
          <reporter-output>
          </reporter-output>
        </test-method> <!-- bc -->
        <test-method status="PASS" signature="test()[pri:0, instance:test.Abc@101b7af]" name="test" duration-ms="3" started-at="2019-02-07T06:25:36Z" finished-at="2019-02-07T06:25:36Z">
          <reporter-output>
          </reporter-output>
        </test-method> <!-- test -->
        <test-method status="PASS" signature="at()[pri:0, instance:test.Abc@101b7af]" name="at" is-config="true" duration-ms="0" started-at="2019-02-07T06:25:36Z" finished-at="2019-02-07T06:25:36Z">
          <reporter-output>
          </reporter-output>
        </test-method> <!-- at -->
        <test-method status="PASS" signature="ac()[pri:0, instance:test.Abc@101b7af]" name="ac" is-config="true" duration-ms="0" started-at="2019-02-07T06:25:36Z" finished-at="2019-02-07T06:25:36Z">
          <reporter-output>
          </reporter-output>
        </test-method> <!-- ac -->
      </class> <!-- test.Abc -->
    </test> <!-- Test2 -->
  </suite> <!-- Suite -->
</testng-results>
